#
# There is insufficient memory for the Java Runtime Environment to continue.
# Native memory allocation (malloc) failed to allocate 32768 bytes for AllocateHeap
# Possible reasons:
#   The system is out of physical RAM or swap space
#   In 32 bit mode, the process size limit was hit
# Possible solutions:
#   Reduce memory load on the system
#   Increase physical memory or swap space
#   Check if swap backing store is full
#   Use 64 bit Java on a 64 bit OS
#   Decrease Java heap size (-Xmx/-Xms)
#   Decrease number of Java threads
#   Decrease Java thread stack sizes (-Xss)
#   Set larger code cache with -XX:ReservedCodeCacheSize=
# This output file may be truncated or incomplete.
#
#  Out of Memory Error (memory/allocation.inline.hpp:62), pid=10720, tid=4768
#
# JRE version:  (8.0-b132) (build )
# Java VM: Java HotSpot(TM) 64-Bit Server VM (25.0-b70 mixed mode windows-amd64 compressed oops)
# Failed to write core dump. Minidumps are not enabled by default on client versions of Windows
#

---------------  T H R E A D  ---------------

Current thread (0x00000000025c1000):  JavaThread "Unknown thread" [_thread_in_vm, id=4768, stack(0x00000000020f0000,0x00000000021f0000)]

Stack: [0x00000000020f0000,0x00000000021f0000]
Native frames: (J=compiled Java code, j=interpreted, Vv=VM code, C=native code)
V  [jvm.dll+0x308e0a]
V  [jvm.dll+0x25df11]
V  [jvm.dll+0x25eb2f]
V  [jvm.dll+0x256505]
V  [jvm.dll+0x2580ce]
V  [jvm.dll+0x25811e]
V  [jvm.dll+0x66a1a]
V  [jvm.dll+0x66c28]
V  [jvm.dll+0x70223]
V  [jvm.dll+0x71a76]
V  [jvm.dll+0x71c76]
V  [jvm.dll+0x71d4a]
V  [jvm.dll+0x720b8]
V  [jvm.dll+0xe1637]
V  [jvm.dll+0xe19c6]
V  [jvm.dll+0x1f1407]
V  [jvm.dll+0x2227e4]
V  [jvm.dll+0x149f91]
C  [java.exe+0x207a]
C  [java.exe+0xc99b]
C  [java.exe+0xca2f]
C  [KERNEL32.DLL+0x18102]
C  [ntdll.dll+0x5c2e4]


---------------  P R O C E S S  ---------------

Java Threads: ( => current thread )

Other Threads:

=>0x00000000025c1000 (exited) JavaThread "Unknown thread" [_thread_in_vm, id=4768, stack(0x00000000020f0000,0x00000000021f0000)]

VM state:not at safepoint (not fully initialized)

VM Mutex/Monitor currently owned by a thread:  ([mutex/lock_event])
[0x0000000000b3bd20] SystemDictionary_lock - owner thread: 0x00000000025c1000

GC Heap History (0 events):
No events

Deoptimization events (0 events):
No events

Internal exceptions (0 events):
No events

Events (0 events):
No events


Dynamic libraries:
0x00007ff6ba3a0000 - 0x00007ff6ba3d4000 	C:\Program Files\Java\jdk1.8.0\bin\java.exe
0x00007ffc012f0000 - 0x00007ffc014b1000 	C:\WINDOWS\SYSTEM32\ntdll.dll
0x00007ffc00e30000 - 0x00007ffc00edd000 	C:\WINDOWS\system32\KERNEL32.DLL
0x00007ffbfdc70000 - 0x00007ffbfde58000 	C:\WINDOWS\system32\KERNELBASE.dll
0x00007ffbfecc0000 - 0x00007ffbfed67000 	C:\WINDOWS\system32\ADVAPI32.dll
0x00007ffc00a70000 - 0x00007ffc00b0d000 	C:\WINDOWS\system32\msvcrt.dll
0x00007ffbfeec0000 - 0x00007ffbfef1b000 	C:\WINDOWS\system32\sechost.dll
0x00007ffc00720000 - 0x00007ffc0083c000 	C:\WINDOWS\system32\RPCRT4.dll
0x00007ffc005c0000 - 0x00007ffc00716000 	C:\WINDOWS\system32\USER32.dll
0x00007ffc00ee0000 - 0x00007ffc01066000 	C:\WINDOWS\system32\GDI32.dll
0x00007ffbfa120000 - 0x00007ffbfa394000 	C:\WINDOWS\WinSxS\amd64_microsoft.windows.common-controls_6595b64144ccf1df_6.0.10586.0_none_8c15ae12515e1c22\COMCTL32.dll
0x00007ffc00bb0000 - 0x00007ffc00e2d000 	C:\WINDOWS\system32\combase.dll
0x00007ffbfdc00000 - 0x00007ffbfdc6a000 	C:\WINDOWS\system32\bcryptPrimitives.dll
0x00007ffc00b70000 - 0x00007ffc00bab000 	C:\WINDOWS\system32\IMM32.DLL
0x00007ffbfd7e0000 - 0x00007ffbfd811000 	C:\Windows\system32\nvinitx.dll
0x00007ffbfd7d0000 - 0x00007ffbfd7da000 	C:\WINDOWS\SYSTEM32\VERSION.dll
0x0000000057590000 - 0x0000000057662000 	C:\Program Files\Java\jdk1.8.0\jre\bin\msvcr100.dll
0x0000000056430000 - 0x0000000056c5a000 	C:\Program Files\Java\jdk1.8.0\jre\bin\server\jvm.dll
0x00007ffbfecb0000 - 0x00007ffbfecb8000 	C:\WINDOWS\system32\PSAPI.DLL
0x00007ffbfa9a0000 - 0x00007ffbfa9a9000 	C:\WINDOWS\SYSTEM32\WSOCK32.dll
0x00007ffc01170000 - 0x00007ffc011db000 	C:\WINDOWS\system32\WS2_32.dll
0x00007ffbfbfd0000 - 0x00007ffbfbff3000 	C:\WINDOWS\SYSTEM32\WINMM.dll
0x00007ffbfbf70000 - 0x00007ffbfbf9c000 	C:\WINDOWS\SYSTEM32\WINMMBASE.dll
0x00007ffbfe680000 - 0x00007ffbfe6c3000 	C:\WINDOWS\system32\cfgmgr32.dll
0x0000000056340000 - 0x000000005634f000 	C:\Program Files\Java\jdk1.8.0\jre\bin\verify.dll
0x0000000056310000 - 0x0000000056338000 	C:\Program Files\Java\jdk1.8.0\jre\bin\java.dll
0x00000000562f0000 - 0x0000000056306000 	C:\Program Files\Java\jdk1.8.0\jre\bin\zip.dll
0x00007ffbdd640000 - 0x00007ffbdd7cc000 	C:\WINDOWS\SYSTEM32\dbghelp.dll

VM Arguments:
jvm_args: -Djava.awt.headless=true -Xmx1024M -Dfile.encoding=GBK -Duser.country=CN -Duser.language=zh -Duser.variant 
java_command: com.android.dx.command.Main --dex --num-threads=4 --output D:\UserData\My Documents\GitHub\AppicationMore\app\build\intermediates\pre-dexed\debug\internal_impl-23.1.1_d3c1a6859cdc2e3efb1ed806a037f02a958390fe.jar D:\UserData\My Documents\GitHub\AppicationMore\app\build\intermediates\exploded-aar\com.android.support\support-v4\23.1.1\jars\libs\internal_impl-23.1.1.jar
java_class_path (initial): D:\as\sdk\build-tools\23.0.1\lib\dx.jar
Launcher Type: SUN_STANDARD

Environment Variables:
JAVA_HOME=C:\Program Files\Java\jdk1.8.0
CLASSPATH=.;C:\Program Files\Java\jdk1.8.0\lib\dt.jar;C:\Program Files\Java\jdk1.8.0\lib\tools.jar;
PATH=C:\ProgramData\Oracle\Java\javapath;C:\WINDOWS\system32;C:\WINDOWS;C:\WINDOWS\System32\Wbem;C:\WINDOWS\System32\WindowsPowerShell\v1.0\;C:\Program Files\Java\jdk1.8.0\bin;C:\Program Files\Java\jdk1.8.0\jre\bin;D:\soft\TortoiseSvn\bin;C:\Program Files (x86)\Google\Chrome\Application;C:\ProgramData\Oracle\Java\javapath;C:\WINDOWS\system32;C:\WINDOWS;C:\WINDOWS\System32\Wbem;C:\WINDOWS\System32\WindowsPowerShell\v1.0\;C:\Program Files\Java\jdk1.8.0\bin;C:\Program Files\Java\jdk1.8.0\jre\bin
USERNAME=Administrator
OS=Windows_NT
PROCESSOR_IDENTIFIER=Intel64 Family 6 Model 58 Stepping 9, GenuineIntel



---------------  S Y S T E M  ---------------

OS: Windows 8.1 , 64 bit Build 9600 

CPU:total 8 (4 cores per cpu, 2 threads per core) family 6 model 58 stepping 9, cmov, cx8, fxsr, mmx, sse, sse2, sse3, ssse3, sse4.1, sse4.2, popcnt, avx, aes, clmul, erms, ht, tsc, tscinvbit

Memory: 4k page, physical 8282596k(1467924k free), swap 10379748k(556480k free)

vm_info: Java HotSpot(TM) 64-Bit Server VM (25.0-b70) for windows-amd64 JRE (1.8.0-b132), built on Mar  4 2014 03:46:18 by "java_re" with MS VC++ 10.0 (VS2010)

time: Mon Dec 28 17:12:26 2015
elapsed time: 0 seconds

