#
# There is insufficient memory for the Java Runtime Environment to continue.
# Native memory allocation (malloc) failed to allocate 861856 bytes for Chunk::new
# Possible reasons:
#   The system is out of physical RAM or swap space
#   In 32 bit mode, the process size limit was hit
# Possible solutions:
#   Reduce memory load on the system
#   Increase physical memory or swap space
#   Check if swap backing store is full
#   Use 64 bit Java on a 64 bit OS
#   Decrease Java heap size (-Xmx/-Xms)
#   Decrease number of Java threads
#   Decrease Java thread stack sizes (-Xss)
#   Set larger code cache with -XX:ReservedCodeCacheSize=
# This output file may be truncated or incomplete.
#
#  Out of Memory Error (allocation.cpp:388), pid=9288, tid=1976
#
# JRE version: Java(TM) SE Runtime Environment (8.0-b132) (build 1.8.0-b132)
# Java VM: Java HotSpot(TM) 64-Bit Server VM (25.0-b70 mixed mode windows-amd64 compressed oops)
# Failed to write core dump. Minidumps are not enabled by default on client versions of Windows
#

---------------  T H R E A D  ---------------

Current thread (0x0000000017279000):  JavaThread "C2 CompilerThread0" daemon [_thread_in_native, id=1976, stack(0x00000000177f0000,0x00000000178f0000)]

Stack: [0x00000000177f0000,0x00000000178f0000]
Native frames: (J=compiled Java code, j=interpreted, Vv=VM code, C=native code)
V  [jvm.dll+0x308e0a]
V  [jvm.dll+0x25df11]
V  [jvm.dll+0x25eb2f]
V  [jvm.dll+0x256505]
V  [jvm.dll+0xbcff5]
V  [jvm.dll+0xbd48c]
V  [jvm.dll+0x44d442]
V  [jvm.dll+0x48e15f]
V  [jvm.dll+0x44295e]
V  [jvm.dll+0x44368b]
V  [jvm.dll+0x427552]
V  [jvm.dll+0x96732]
V  [jvm.dll+0x96f23]
V  [jvm.dll+0x2232e4]
V  [jvm.dll+0x27baea]
C  [msvcr100.dll+0x21d9f]
C  [msvcr100.dll+0x21e3b]
C  [KERNEL32.DLL+0x18102]
C  [ntdll.dll+0x5c2e4]


Current CompileTask:
C2:    795 1022       4       com.android.dx.merge.DexMerger::transformClassDef (160 bytes)


---------------  P R O C E S S  ---------------

Java Threads: ( => current thread )
  0x000000001730f800 JavaThread "Service Thread" daemon [_thread_blocked, id=11244, stack(0x0000000017bf0000,0x0000000017cf0000)]
  0x0000000017287800 JavaThread "C1 CompilerThread3" daemon [_thread_blocked, id=10760, stack(0x0000000017af0000,0x0000000017bf0000)]
  0x0000000017281800 JavaThread "C2 CompilerThread2" daemon [_thread_in_native, id=3296, stack(0x00000000179f0000,0x0000000017af0000)]
  0x000000001727b800 JavaThread "C2 CompilerThread1" daemon [_thread_in_native, id=2904, stack(0x00000000178f0000,0x00000000179f0000)]
=>0x0000000017279000 JavaThread "C2 CompilerThread0" daemon [_thread_in_native, id=1976, stack(0x00000000177f0000,0x00000000178f0000)]
  0x0000000017277800 JavaThread "Attach Listener" daemon [_thread_blocked, id=208, stack(0x00000000176f0000,0x00000000177f0000)]
  0x0000000017276800 JavaThread "Signal Dispatcher" daemon [_thread_blocked, id=11212, stack(0x00000000175f0000,0x00000000176f0000)]
  0x00000000026f7800 JavaThread "Finalizer" daemon [_thread_blocked, id=4952, stack(0x00000000170f0000,0x00000000171f0000)]
  0x000000001521c800 JavaThread "Reference Handler" daemon [_thread_blocked, id=10788, stack(0x0000000016ff0000,0x00000000170f0000)]
  0x00000000025fe000 JavaThread "main" [_thread_in_Java, id=5172, stack(0x0000000002490000,0x0000000002590000)]

Other Threads:
  0x0000000015218800 VMThread [stack: 0x0000000016ef0000,0x0000000016ff0000] [id=6028]
  0x0000000017310800 WatcherThread [stack: 0x0000000017cf0000,0x0000000017df0000] [id=3336]

VM state:not at safepoint (normal execution)

VM Mutex/Monitor currently owned by a thread: None

Heap:
 PSYoungGen      total 45568K, used 31369K [0x00000000eab00000, 0x00000000ef400000, 0x0000000100000000)
  eden space 37888K, 62% used [0x00000000eab00000,0x00000000ec223558,0x00000000ed000000)
  from space 7680K, 99% used [0x00000000ede80000,0x00000000ee5ff158,0x00000000ee600000)
  to   space 14848K, 0% used [0x00000000ed000000,0x00000000ed000000,0x00000000ede80000)
 ParOldGen       total 129536K, used 86855K [0x00000000c0000000, 0x00000000c7e80000, 0x00000000eab00000)
  object space 129536K, 67% used [0x00000000c0000000,0x00000000c54d1f70,0x00000000c7e80000)
 Metaspace       used 4979K, capacity 5506K, committed 5760K, reserved 1056768K
  class space    used 555K, capacity 562K, committed 640K, reserved 1048576K

Card table byte_map: [0x0000000011ac0000,0x0000000011cd0000] byte_map_base: 0x00000000114c0000

Marking Bits: (ParMarkBitMap*) 0x0000000056be13b0
 Begin Bits: [0x0000000012630000, 0x0000000013630000)
 End Bits:   [0x0000000013630000, 0x0000000014630000)

Polling page: 0x00000000020c0000

CodeCache: size=245760Kb used=3471Kb max_used=3471Kb free=242289Kb
 bounds [0x0000000002700000, 0x0000000002a70000, 0x0000000011700000]
 total_blobs=1304 nmethods=1029 adapters=189
 compilation: enabled

Compilation events (10 events):
Event: 0.753 Thread 0x0000000017287800 nmethod 1029 0x0000000002a4bc50 code [0x0000000002a4bdc0, 0x0000000002a4bfc8]
Event: 0.753 Thread 0x0000000017287800 1030       3       com.android.dex.EncodedValueReader::readFloat (27 bytes)
Event: 0.753 Thread 0x000000001727b800 1027       4       com.android.dx.merge.DexMerger::transformAnnotationSet (82 bytes)
Event: 0.753 Thread 0x0000000017287800 nmethod 1030 0x0000000002a4b850 code [0x0000000002a4b9c0, 0x0000000002a4bbb8]
Event: 0.757 Thread 0x0000000017287800 1037       3       java.util.TimSort::ensureCapacity (107 bytes)
Event: 0.758 Thread 0x0000000017287800 nmethod 1037 0x0000000002a4d710 code [0x0000000002a4d8a0, 0x0000000002a4de78]
Event: 0.767 Thread 0x0000000017287800 1038       3       com.android.dx.io.instructions.InstructionCodec$33::decode (99 bytes)
Event: 0.769 Thread 0x0000000017287800 nmethod 1038 0x0000000002a4fb90 code [0x0000000002a4fe60, 0x0000000002a51998]
Event: 0.769 Thread 0x0000000017287800 1039       3       com.android.dx.io.instructions.InstructionCodec$33::encode (131 bytes)
Event: 0.770 Thread 0x0000000017287800 nmethod 1039 0x0000000002a66b50 code [0x0000000002a66e00, 0x0000000002a689c8]

GC Heap History (10 events):
Event: 0.507 GC heap before
{Heap before GC invocations=12 (full 0):
 PSYoungGen      total 16896K, used 14542K [0x00000000eab00000, 0x00000000ec800000, 0x0000000100000000)
  eden space 11264K, 100% used [0x00000000eab00000,0x00000000eb600000,0x00000000eb600000)
  from space 5632K, 58% used [0x00000000eb600000,0x00000000eb933920,0x00000000ebb80000)
  to   space 5632K, 0% used [0x00000000ec280000,0x00000000ec280000,0x00000000ec800000)
 ParOldGen       total 129536K, used 11948K [0x00000000c0000000, 0x00000000c7e80000, 0x00000000eab00000)
  object space 129536K, 9% used [0x00000000c0000000,0x00000000c0bab378,0x00000000c7e80000)
 Metaspace       used 4947K, capacity 5506K, committed 5760K, reserved 1056768K
  class space    used 555K, capacity 562K, committed 640K, reserved 1048576K
Event: 0.513 GC heap after
Heap after GC invocations=12 (full 0):
 PSYoungGen      total 23552K, used 4793K [0x00000000eab00000, 0x00000000ec900000, 0x0000000100000000)
  eden space 17920K, 0% used [0x00000000eab00000,0x00000000eab00000,0x00000000ebc80000)
  from space 5632K, 85% used [0x00000000ec280000,0x00000000ec72e770,0x00000000ec800000)
  to   space 6144K, 0% used [0x00000000ebc80000,0x00000000ebc80000,0x00000000ec280000)
 ParOldGen       total 129536K, used 26875K [0x00000000c0000000, 0x00000000c7e80000, 0x00000000eab00000)
  object space 129536K, 20% used [0x00000000c0000000,0x00000000c1a3ec98,0x00000000c7e80000)
 Metaspace       used 4947K, capacity 5506K, committed 5760K, reserved 1056768K
  class space    used 555K, capacity 562K, committed 640K, reserved 1048576K
}
Event: 0.565 GC heap before
{Heap before GC invocations=13 (full 0):
 PSYoungGen      total 23552K, used 22713K [0x00000000eab00000, 0x00000000ec900000, 0x0000000100000000)
  eden space 17920K, 100% used [0x00000000eab00000,0x00000000ebc80000,0x00000000ebc80000)
  from space 5632K, 85% used [0x00000000ec280000,0x00000000ec72e770,0x00000000ec800000)
  to   space 6144K, 0% used [0x00000000ebc80000,0x00000000ebc80000,0x00000000ec280000)
 ParOldGen       total 129536K, used 26875K [0x00000000c0000000, 0x00000000c7e80000, 0x00000000eab00000)
  object space 129536K, 20% used [0x00000000c0000000,0x00000000c1a3ec98,0x00000000c7e80000)
 Metaspace       used 4956K, capacity 5506K, committed 5760K, reserved 1056768K
  class space    used 555K, capacity 562K, committed 640K, reserved 1048576K
Event: 0.570 GC heap after
Heap after GC invocations=13 (full 0):
 PSYoungGen      total 24064K, used 1603K [0x00000000eab00000, 0x00000000ed300000, 0x0000000100000000)
  eden space 17920K, 0% used [0x00000000eab00000,0x00000000eab00000,0x00000000ebc80000)
  from space 6144K, 26% used [0x00000000ebc80000,0x00000000ebe10d30,0x00000000ec280000)
  to   space 6144K, 0% used [0x00000000ecd00000,0x00000000ecd00000,0x00000000ed300000)
 ParOldGen       total 129536K, used 44865K [0x00000000c0000000, 0x00000000c7e80000, 0x00000000eab00000)
  object space 129536K, 34% used [0x00000000c0000000,0x00000000c2bd0460,0x00000000c7e80000)
 Metaspace       used 4956K, capacity 5506K, committed 5760K, reserved 1056768K
  class space    used 555K, capacity 562K, committed 640K, reserved 1048576K
}
Event: 0.613 GC heap before
{Heap before GC invocations=14 (full 0):
 PSYoungGen      total 24064K, used 19523K [0x00000000eab00000, 0x00000000ed300000, 0x0000000100000000)
  eden space 17920K, 100% used [0x00000000eab00000,0x00000000ebc80000,0x00000000ebc80000)
  from space 6144K, 26% used [0x00000000ebc80000,0x00000000ebe10d30,0x00000000ec280000)
  to   space 6144K, 0% used [0x00000000ecd00000,0x00000000ecd00000,0x00000000ed300000)
 ParOldGen       total 129536K, used 44865K [0x00000000c0000000, 0x00000000c7e80000, 0x00000000eab00000)
  object space 129536K, 34% used [0x00000000c0000000,0x00000000c2bd0460,0x00000000c7e80000)
 Metaspace       used 4960K, capacity 5506K, committed 5760K, reserved 1056768K
  class space    used 555K, capacity 562K, committed 640K, reserved 1048576K
Event: 0.616 GC heap after
Heap after GC invocations=14 (full 0):
 PSYoungGen      total 34304K, used 5575K [0x00000000eab00000, 0x00000000ed400000, 0x0000000100000000)
  eden space 28160K, 0% used [0x00000000eab00000,0x00000000eab00000,0x00000000ec680000)
  from space 6144K, 90% used [0x00000000ecd00000,0x00000000ed271da0,0x00000000ed300000)
  to   space 6656K, 0% used [0x00000000ec680000,0x00000000ec680000,0x00000000ecd00000)
 ParOldGen       total 129536K, used 50607K [0x00000000c0000000, 0x00000000c7e80000, 0x00000000eab00000)
  object space 129536K, 39% used [0x00000000c0000000,0x00000000c316bd08,0x00000000c7e80000)
 Metaspace       used 4960K, capacity 5506K, committed 5760K, reserved 1056768K
  class space    used 555K, capacity 562K, committed 640K, reserved 1048576K
}
Event: 0.680 GC heap before
{Heap before GC invocations=15 (full 0):
 PSYoungGen      total 34304K, used 33735K [0x00000000eab00000, 0x00000000ed400000, 0x0000000100000000)
  eden space 28160K, 100% used [0x00000000eab00000,0x00000000ec680000,0x00000000ec680000)
  from space 6144K, 90% used [0x00000000ecd00000,0x00000000ed271da0,0x00000000ed300000)
  to   space 6656K, 0% used [0x00000000ec680000,0x00000000ec680000,0x00000000ecd00000)
 ParOldGen       total 129536K, used 50607K [0x00000000c0000000, 0x00000000c7e80000, 0x00000000eab00000)
  object space 129536K, 39% used [0x00000000c0000000,0x00000000c316bd08,0x00000000c7e80000)
 Metaspace       used 4977K, capacity 5506K, committed 5760K, reserved 1056768K
  class space    used 555K, capacity 562K, committed 640K, reserved 1048576K
Event: 0.687 GC heap after
Heap after GC invocations=15 (full 0):
 PSYoungGen      total 34816K, used 6596K [0x00000000eab00000, 0x00000000ee600000, 0x0000000100000000)
  eden space 28160K, 0% used [0x00000000eab00000,0x00000000eab00000,0x00000000ec680000)
  from space 6656K, 99% used [0x00000000ec680000,0x00000000eccf1278,0x00000000ecd00000)
  to   space 7680K, 0% used [0x00000000ede80000,0x00000000ede80000,0x00000000ee600000)
 ParOldGen       total 129536K, used 72104K [0x00000000c0000000, 0x00000000c7e80000, 0x00000000eab00000)
  object space 129536K, 55% used [0x00000000c0000000,0x00000000c466a2b0,0x00000000c7e80000)
 Metaspace       used 4977K, capacity 5506K, committed 5760K, reserved 1056768K
  class space    used 555K, capacity 562K, committed 640K, reserved 1048576K
}
Event: 0.758 GC heap before
{Heap before GC invocations=16 (full 0):
 PSYoungGen      total 34816K, used 34756K [0x00000000eab00000, 0x00000000ee600000, 0x0000000100000000)
  eden space 28160K, 100% used [0x00000000eab00000,0x00000000ec680000,0x00000000ec680000)
  from space 6656K, 99% used [0x00000000ec680000,0x00000000eccf1278,0x00000000ecd00000)
  to   space 7680K, 0% used [0x00000000ede80000,0x00000000ede80000,0x00000000ee600000)
 ParOldGen       total 129536K, used 72104K [0x00000000c0000000, 0x00000000c7e80000, 0x00000000eab00000)
  object space 129536K, 55% used [0x00000000c0000000,0x00000000c466a2b0,0x00000000c7e80000)
 Metaspace       used 4977K, capacity 5506K, committed 5760K, reserved 1056768K
  class space    used 555K, capacity 562K, committed 640K, reserved 1048576K
Event: 0.765 GC heap after
Heap after GC invocations=16 (full 0):
 PSYoungGen      total 45568K, used 7676K [0x00000000eab00000, 0x00000000ef400000, 0x0000000100000000)
  eden space 37888K, 0% used [0x00000000eab00000,0x00000000eab00000,0x00000000ed000000)
  from space 7680K, 99% used [0x00000000ede80000,0x00000000ee5ff158,0x00000000ee600000)
  to   space 14848K, 0% used [0x00000000ed000000,0x00000000ed000000,0x00000000ede80000)
 ParOldGen       total 129536K, used 86855K [0x00000000c0000000, 0x00000000c7e80000, 0x00000000eab00000)
  object space 129536K, 67% used [0x00000000c0000000,0x00000000c54d1f70,0x00000000c7e80000)
 Metaspace       used 4977K, capacity 5506K, committed 5760K, reserved 1056768K
  class space    used 555K, capacity 562K, committed 640K, reserved 1048576K
}

Deoptimization events (10 events):
Event: 0.602 Thread 0x00000000025fe000 Uncommon trap: reason=class_check action=maybe_recompile pc=0x0000000002a1b248 method=com.android.dx.io.instructions.InstructionCodec$6.encode(Lcom/android/dx/io/instructions/DecodedInstruction;Lcom/android/dx/io/instructions/CodeOutput;)V @ 2
Event: 0.658 Thread 0x00000000025fe000 Uncommon trap: reason=unreached action=reinterpret pc=0x0000000002a22e44 method=com.android.dx.merge.DexMerger$IdMerger.mergeSorted()V @ 261
Event: 0.708 Thread 0x00000000025fe000 Uncommon trap: reason=class_check action=maybe_recompile pc=0x0000000002a31408 method=com.android.dx.io.instructions.InstructionCodec$16.decode(ILcom/android/dx/io/instructions/CodeInput;)Lcom/android/dx/io/instructions/DecodedInstruction; @ 1
Event: 0.709 Thread 0x00000000025fe000 Uncommon trap: reason=class_check action=maybe_recompile pc=0x0000000002a31408 method=com.android.dx.io.instructions.InstructionCodec$16.decode(ILcom/android/dx/io/instructions/CodeInput;)Lcom/android/dx/io/instructions/DecodedInstruction; @ 1
Event: 0.709 Thread 0x00000000025fe000 Uncommon trap: reason=class_check action=maybe_recompile pc=0x0000000002a31408 method=com.android.dx.io.instructions.InstructionCodec$16.decode(ILcom/android/dx/io/instructions/CodeInput;)Lcom/android/dx/io/instructions/DecodedInstruction; @ 1
Event: 0.709 Thread 0x00000000025fe000 Uncommon trap: reason=class_check action=maybe_recompile pc=0x0000000002a31408 method=com.android.dx.io.instructions.InstructionCodec$16.decode(ILcom/android/dx/io/instructions/CodeInput;)Lcom/android/dx/io/instructions/DecodedInstruction; @ 1
Event: 0.709 Thread 0x00000000025fe000 Uncommon trap: reason=class_check action=maybe_recompile pc=0x0000000002a4b0c8 method=com.android.dx.io.instructions.InstructionCodec$16.encode(Lcom/android/dx/io/instructions/DecodedInstruction;Lcom/android/dx/io/instructions/CodeOutput;)V @ 2
Event: 0.709 Thread 0x00000000025fe000 Uncommon trap: reason=class_check action=maybe_recompile pc=0x0000000002a4b0c8 method=com.android.dx.io.instructions.InstructionCodec$16.encode(Lcom/android/dx/io/instructions/DecodedInstruction;Lcom/android/dx/io/instructions/CodeOutput;)V @ 2
Event: 0.709 Thread 0x00000000025fe000 Uncommon trap: reason=class_check action=maybe_recompile pc=0x0000000002a4b0c8 method=com.android.dx.io.instructions.InstructionCodec$16.encode(Lcom/android/dx/io/instructions/DecodedInstruction;Lcom/android/dx/io/instructions/CodeOutput;)V @ 2
Event: 0.709 Thread 0x00000000025fe000 Uncommon trap: reason=class_check action=maybe_recompile pc=0x0000000002a4b0c8 method=com.android.dx.io.instructions.InstructionCodec$16.encode(Lcom/android/dx/io/instructions/DecodedInstruction;Lcom/android/dx/io/instructions/CodeOutput;)V @ 2

Internal exceptions (10 events):
Event: 0.277 Thread 0x00000000025fe000 Exception <a 'java/security/PrivilegedActionException'> (0x00000000eab094a0) thrown at [D:\re\workspace\8-2-build-windows-amd64-cygwin\jdk8\2238\hotspot\src\share\vm\prims\jvm.cpp, line 1248]
Event: 0.278 Thread 0x00000000025fe000 Exception <a 'java/security/PrivilegedActionException'> (0x00000000eab0b6a8) thrown at [D:\re\workspace\8-2-build-windows-amd64-cygwin\jdk8\2238\hotspot\src\share\vm\prims\jvm.cpp, line 1248]
Event: 0.278 Thread 0x00000000025fe000 Exception <a 'java/security/PrivilegedActionException'> (0x00000000eab0bfc8) thrown at [D:\re\workspace\8-2-build-windows-amd64-cygwin\jdk8\2238\hotspot\src\share\vm\prims\jvm.cpp, line 1248]
Event: 0.285 Thread 0x00000000025fe000 Exception <a 'java/security/PrivilegedActionException'> (0x00000000eab1e770) thrown at [D:\re\workspace\8-2-build-windows-amd64-cygwin\jdk8\2238\hotspot\src\share\vm\prims\jvm.cpp, line 1248]
Event: 0.285 Thread 0x00000000025fe000 Exception <a 'java/security/PrivilegedActionException'> (0x00000000eab1f050) thrown at [D:\re\workspace\8-2-build-windows-amd64-cygwin\jdk8\2238\hotspot\src\share\vm\prims\jvm.cpp, line 1248]
Event: 0.286 Thread 0x00000000025fe000 Exception <a 'java/security/PrivilegedActionException'> (0x00000000eab28690) thrown at [D:\re\workspace\8-2-build-windows-amd64-cygwin\jdk8\2238\hotspot\src\share\vm\prims\jvm.cpp, line 1248]
Event: 0.286 Thread 0x00000000025fe000 Exception <a 'java/security/PrivilegedActionException'> (0x00000000eab2ab58) thrown at [D:\re\workspace\8-2-build-windows-amd64-cygwin\jdk8\2238\hotspot\src\share\vm\prims\jvm.cpp, line 1248]
Event: 0.286 Thread 0x00000000025fe000 Exception <a 'java/security/PrivilegedActionException'> (0x00000000eab2c420) thrown at [D:\re\workspace\8-2-build-windows-amd64-cygwin\jdk8\2238\hotspot\src\share\vm\prims\jvm.cpp, line 1248]
Event: 0.286 Thread 0x00000000025fe000 Exception <a 'java/security/PrivilegedActionException'> (0x00000000eab2cd50) thrown at [D:\re\workspace\8-2-build-windows-amd64-cygwin\jdk8\2238\hotspot\src\share\vm\prims\jvm.cpp, line 1248]
Event: 0.461 Thread 0x00000000025fe000 Exception <a 'java/security/PrivilegedActionException'> (0x00000000eb336640) thrown at [D:\re\workspace\8-2-build-windows-amd64-cygwin\jdk8\2238\hotspot\src\share\vm\prims\jvm.cpp, line 1248]

Events (10 events):
Event: 0.709 Thread 0x00000000025fe000 DEOPT PACKING pc=0x0000000002a4b0c8 sp=0x000000000258eca0
Event: 0.709 Thread 0x00000000025fe000 DEOPT UNPACKING pc=0x00000000027455af sp=0x000000000258ec30 mode 2
Event: 0.733 Thread 0x00000000025fe000 DEOPT PACKING pc=0x0000000002a36ad9 sp=0x000000000258eed0
Event: 0.733 Thread 0x00000000025fe000 DEOPT UNPACKING pc=0x0000000002747604 sp=0x000000000258ec50 mode 0
Event: 0.739 Thread 0x00000000025fe000 DEOPT PACKING pc=0x0000000002a36ad9 sp=0x000000000258eed0
Event: 0.739 Thread 0x00000000025fe000 DEOPT UNPACKING pc=0x0000000002747604 sp=0x000000000258ec50 mode 0
Event: 0.741 Thread 0x00000000025fe000 DEOPT PACKING pc=0x0000000002a36ad9 sp=0x000000000258eed0
Event: 0.741 Thread 0x00000000025fe000 DEOPT UNPACKING pc=0x0000000002747604 sp=0x000000000258ec50 mode 0
Event: 0.758 Executing VM operation: ParallelGCFailedAllocation
Event: 0.765 Executing VM operation: ParallelGCFailedAllocation done


Dynamic libraries:
0x00007ff6ba3a0000 - 0x00007ff6ba3d4000 	C:\Program Files\Java\jdk1.8.0\bin\java.exe
0x00007ffc012f0000 - 0x00007ffc014b1000 	C:\WINDOWS\SYSTEM32\ntdll.dll
0x00007ffc00e30000 - 0x00007ffc00edd000 	C:\WINDOWS\system32\KERNEL32.DLL
0x00007ffbfdc70000 - 0x00007ffbfde58000 	C:\WINDOWS\system32\KERNELBASE.dll
0x00007ffbfecc0000 - 0x00007ffbfed67000 	C:\WINDOWS\system32\ADVAPI32.dll
0x00007ffc00a70000 - 0x00007ffc00b0d000 	C:\WINDOWS\system32\msvcrt.dll
0x00007ffbfeec0000 - 0x00007ffbfef1b000 	C:\WINDOWS\system32\sechost.dll
0x00007ffc00720000 - 0x00007ffc0083c000 	C:\WINDOWS\system32\RPCRT4.dll
0x00007ffc005c0000 - 0x00007ffc00716000 	C:\WINDOWS\system32\USER32.dll
0x00007ffc00ee0000 - 0x00007ffc01066000 	C:\WINDOWS\system32\GDI32.dll
0x00007ffbfa120000 - 0x00007ffbfa394000 	C:\WINDOWS\WinSxS\amd64_microsoft.windows.common-controls_6595b64144ccf1df_6.0.10586.0_none_8c15ae12515e1c22\COMCTL32.dll
0x00007ffc00bb0000 - 0x00007ffc00e2d000 	C:\WINDOWS\system32\combase.dll
0x00007ffbfdc00000 - 0x00007ffbfdc6a000 	C:\WINDOWS\system32\bcryptPrimitives.dll
0x00007ffc00b70000 - 0x00007ffc00bab000 	C:\WINDOWS\system32\IMM32.DLL
0x00007ffbfd7e0000 - 0x00007ffbfd811000 	C:\Windows\system32\nvinitx.dll
0x00007ffbfd7d0000 - 0x00007ffbfd7da000 	C:\WINDOWS\SYSTEM32\VERSION.dll
0x0000000057590000 - 0x0000000057662000 	C:\Program Files\Java\jdk1.8.0\jre\bin\msvcr100.dll
0x0000000056430000 - 0x0000000056c5a000 	C:\Program Files\Java\jdk1.8.0\jre\bin\server\jvm.dll
0x00007ffbfecb0000 - 0x00007ffbfecb8000 	C:\WINDOWS\system32\PSAPI.DLL
0x00007ffbfa9a0000 - 0x00007ffbfa9a9000 	C:\WINDOWS\SYSTEM32\WSOCK32.dll
0x00007ffbfbfd0000 - 0x00007ffbfbff3000 	C:\WINDOWS\SYSTEM32\WINMM.dll
0x00007ffc01170000 - 0x00007ffc011db000 	C:\WINDOWS\system32\WS2_32.dll
0x00007ffbfbf70000 - 0x00007ffbfbf9c000 	C:\WINDOWS\SYSTEM32\WINMMBASE.dll
0x00007ffbfe680000 - 0x00007ffbfe6c3000 	C:\WINDOWS\system32\cfgmgr32.dll
0x0000000056340000 - 0x000000005634f000 	C:\Program Files\Java\jdk1.8.0\jre\bin\verify.dll
0x0000000056310000 - 0x0000000056338000 	C:\Program Files\Java\jdk1.8.0\jre\bin\java.dll
0x00000000562f0000 - 0x0000000056306000 	C:\Program Files\Java\jdk1.8.0\jre\bin\zip.dll
0x00007ffbff060000 - 0x00007ffc005bf000 	C:\WINDOWS\system32\SHELL32.dll
0x00007ffbfde60000 - 0x00007ffbfe4a4000 	C:\WINDOWS\system32\windows.storage.dll
0x00007ffc00b10000 - 0x00007ffc00b62000 	C:\WINDOWS\system32\shlwapi.dll
0x00007ffbfd970000 - 0x00007ffbfd97f000 	C:\WINDOWS\system32\kernel.appcore.dll
0x00007ffbfdb20000 - 0x00007ffbfdbd5000 	C:\WINDOWS\system32\shcore.dll
0x00007ffbfd910000 - 0x00007ffbfd95b000 	C:\WINDOWS\system32\powrprof.dll
0x00007ffbfd8f0000 - 0x00007ffbfd904000 	C:\WINDOWS\system32\profapi.dll
0x00007ffbdd640000 - 0x00007ffbdd7cc000 	C:\WINDOWS\SYSTEM32\dbghelp.dll

VM Arguments:
jvm_args: -Djava.awt.headless=true -Xmx1024M -Dfile.encoding=GBK -Duser.country=CN -Duser.language=zh -Duser.variant 
java_command: com.android.dx.command.Main --dex --num-threads=4 --output D:\UserData\My Documents\GitHub\AppicationMore\app\build\intermediates\transforms\dex\debug\folders\1000\1f\main D:\UserData\My Documents\GitHub\AppicationMore\app\build\intermediates\pre-dexed\debug\support-annotations-23.1.1_9e4375c13666fb760cf4978484be88e4ac4f4759.jar D:\UserData\My Documents\GitHub\AppicationMore\app\build\intermediates\pre-dexed\debug\debug_41e1b2c187aef348e820013b7bdb641a042eaa3b.jar D:\UserData\My Documents\GitHub\AppicationMore\app\build\intermediates\pre-dexed\debug\gson-2.1_009c0e4304c029d6f061abba8fff32d9787605d6.jar D:\UserData\My Documents\GitHub\AppicationMore\app\build\intermediates\pre-dexed\debug\internal_impl-23.1.1_d3c1a6859cdc2e3efb1ed806a037f02a958390fe.jar D:\UserData\My Documents\GitHub\AppicationMore\app\build\intermediates\pre-dexed\debug\com.android.support-design-23.1.1_263c02c751c8b0796804aea15213102394507ac5.jar D:\UserData\My Documents\GitHub\AppicationMore\app\build\intermediates\pre-dexed\debug\com.android.support-recyclerview-v7-23.1.1_41ef550d4d764ef6933fce75d2c3bd4ec242e2a3.jar D:\UserData\My Documents\GitHub\AppicationMore\app\build\intermediates\pre-dexed\debug\com.android.support-appcompat-v7-23.1.1_32e790f1c2d255c82d30556889e1088fc73fb7dd.jar D:\UserData\My Documents\GitHub\AppicationMore\app\build\intermediates\pre-dexed\debug\com.android.support-support-v4-23.1.1_8bef8d8691f76aa51ca6ddceab9ded251f9fc389.jar
java_class_path (initial): D:\as\sdk\build-tools\23.0.1\lib\dx.jar
Launcher Type: SUN_STANDARD

Environment Variables:
JAVA_HOME=C:\Program Files\Java\jdk1.8.0
CLASSPATH=.;C:\Program Files\Java\jdk1.8.0\lib\dt.jar;C:\Program Files\Java\jdk1.8.0\lib\tools.jar;
PATH=C:\ProgramData\Oracle\Java\javapath;C:\WINDOWS\system32;C:\WINDOWS;C:\WINDOWS\System32\Wbem;C:\WINDOWS\System32\WindowsPowerShell\v1.0\;C:\Program Files\Java\jdk1.8.0\bin;C:\Program Files\Java\jdk1.8.0\jre\bin;D:\soft\TortoiseSvn\bin;C:\Program Files (x86)\Google\Chrome\Application;C:\ProgramData\Oracle\Java\javapath;C:\WINDOWS\system32;C:\WINDOWS;C:\WINDOWS\System32\Wbem;C:\WINDOWS\System32\WindowsPowerShell\v1.0\;C:\Program Files\Java\jdk1.8.0\bin;C:\Program Files\Java\jdk1.8.0\jre\bin
USERNAME=Administrator
OS=Windows_NT
PROCESSOR_IDENTIFIER=Intel64 Family 6 Model 58 Stepping 9, GenuineIntel



---------------  S Y S T E M  ---------------

OS: Windows 8.1 , 64 bit Build 9600 

CPU:total 8 (4 cores per cpu, 2 threads per core) family 6 model 58 stepping 9, cmov, cx8, fxsr, mmx, sse, sse2, sse3, ssse3, sse4.1, sse4.2, popcnt, avx, aes, clmul, erms, ht, tsc, tscinvbit

Memory: 4k page, physical 8282596k(825760k free), swap 10379748k(8560k free)

vm_info: Java HotSpot(TM) 64-Bit Server VM (25.0-b70) for windows-amd64 JRE (1.8.0-b132), built on Mar  4 2014 03:46:18 by "java_re" with MS VC++ 10.0 (VS2010)

time: Mon Dec 28 16:56:52 2015
elapsed time: 0 seconds

